Time slot   0
ld_routine
	Loaded a process at input/proc/p0s, PID: 1 PRIO: 0
	CPU 0: Dispatched process  1
Time slot   1
liballoc:186
print_pgtbl:
 PDG=135359115589472 P4g=135358981344160 PUD=135358981344432 PMD=135358981344704
	Loaded a process at input/proc/p1s, PID: 2 PRIO: 15
Time slot   2
	CPU 1: Dispatched process  2
liballoc:186
print_pgtbl:
 PDG=135359115596736 P4g=135358981345360 PUD=135358981345632 PMD=135358981345904
Time slot   3
	Loaded a process at input/proc/p1s, PID: 3 PRIO: 0
liballoc:186
print_pgtbl:
 PDG=135359115604000 P4g=135358981346560 PUD=135358981346832 PMD=135358981347104
Time slot   4
libwrite:407
print_pgtbl:
 PDG=135359115604000 P4g=135358981346560 PUD=135358981346832 PMD=135358981347104
Time slot   5
	Loaded a process at input/proc/p0s, PID: 4 PRIO: 0
	CPU 0: Put process  1 to run queue
	CPU 0: Dispatched process  3
Time slot   6
Time slot   7
Time slot   8
	CPU 1: Put process  2 to run queue
	CPU 1: Dispatched process  4
Time slot   9
liballoc:186
print_pgtbl:
 PDG=135359115611424 P4g=135359048453024 PUD=135359048453296 PMD=135359048453568
Time slot  10
liballoc:186
print_pgtbl:
 PDG=135359115611424 P4g=135359048453024 PUD=135359048453296 PMD=135359048453568
Time slot  11
libfree:209
print_pgtbl:
 PDG=135359115611424 P4g=135359048453024 PUD=135359048453296 PMD=135359048453568
	CPU 0: Put process  3 to run queue
	CPU 0: Dispatched process  1
liballoc:186
print_pgtbl:
 PDG=135359115611424 P4g=135359048453024 PUD=135359048453296 PMD=135359048453568
libread:359
print_pgtbl:
 PDG=135359115611424 P4g=135359048453024 PUD=135359048453296 PMD=135359048453568
Time slot  12
libwrite:407
print_pgtbl:
 PDG=135359115611424 P4g=135359048453024 PUD=135359048453296 PMD=135359048453568
Time slot  13
libwrite:407
print_pgtbl:
 PDG=135359115611424 P4g=135359048453024 PUD=135359048453296 PMD=135359048453568
libread:359
print_pgtbl:
 PDG=135359115611424 P4g=135359048453024 PUD=135359048453296 PMD=135359048453568
Time slot  14
	CPU 1: Put process  4 to run queue
	CPU 1: Dispatched process  3
libwrite:407
print_pgtbl:
 PDG=135359115611424 P4g=135359048453024 PUD=135359048453296 PMD=135359048453568
Time slot  15
libread:359
print_pgtbl:
 PDG=135359115611424 P4g=135359048453024 PUD=135359048453296 PMD=135359048453568
Time slot  16
Time slot  17
	CPU 0: Put process  1 to run queue
	CPU 1: Processed  3 has finished
Time slot  18
	CPU 1: Dispatched process  1
libfree:209
print_pgtbl:
 PDG=135359115611424 P4g=135359048453024 PUD=135359048453296 PMD=135359048453568
	CPU 0: Dispatched process  4
libread:359
print_pgtbl:
 PDG=135359115611424 P4g=135359048453024 PUD=135359048453296 PMD=135359048453568
libwrite:407
print_pgtbl:
 PDG=135359115611424 P4g=135359048453024 PUD=135359048453296 PMD=135359048453568
Time slot  19
Time slot  20
libread:359
print_pgtbl:
 PDG=135359115611424 P4g=135359048453024 PUD=135359048453296 PMD=135359048453568
	CPU 1: Processed  1 has finished
	CPU 1: Dispatched process  2
Time slot  21
libwrite:407
print_pgtbl:
 PDG=135359115611424 P4g=135359048453024 PUD=135359048453296 PMD=135359048453568
Time slot  22
libread:359
print_pgtbl:
 PDG=135359115611424 P4g=135359048453024 PUD=135359048453296 PMD=135359048453568
Time slot  23
Time slot  24
	CPU 0: Put process  4 to run queue
	CPU 0: Dispatched process  4
	CPU 1: Processed  2 has finished
	CPU 1 stopped
Time slot  25
	CPU 0: Processed  4 has finished
	CPU 0 stopped
Time slot  26
