Time slot   0
ld_routine
	Loaded a process at input/proc/p0s, PID: 1 PRIO: 0
Time slot   1
	CPU 0: Dispatched process  1
	Loaded a process at input/proc/p1s, PID: 2 PRIO: 15
Time slot   2
liballoc:170
print_pgtbl:
 PDG=757b15abc010 P4g=757b15a9b010 PUD=757b15a7a010 PMD=757b15a59010
	CPU 1: Dispatched process  2
Time slot   3
	Loaded a process at input/proc/p1s, PID: 3 PRIO: 0
liballoc:170
print_pgtbl:
 PDG=757b15abc010 P4g=757b15a9b010 PUD=757b15a7a010 PMD=757b15a59010
Time slot   4
libfree:194
print_pgtbl:
 PDG=757b15abc010 P4g=757b15a9b010 PUD=757b15a7a010 PMD=757b15a59010
Time slot   5
liballoc:170
print_pgtbl:
 PDG=757b15abc010 P4g=757b15a9b010 PUD=757b15a7a010 PMD=757b15a59010
Time slot   6
libwrite:387
print_pgtbl:
 PDG=757b15abc010 P4g=757b15a9b010 PUD=757b15a7a010 PMD=757b15a59010
	Loaded a process at input/proc/p0s, PID: 4 PRIO: 0
Time slot   7
	CPU 0: Put process  1 to run queue
	CPU 0: Dispatched process  3
	CPU 1: Put process  2 to run queue
	CPU 1: Dispatched process  4
Time slot   8
Time slot   9
liballoc:170
print_pgtbl:
 PDG=757b046b3010 P4g=757b04692010 PUD=757b04671010 PMD=757b04650010
Time slot  10
liballoc:170
print_pgtbl:
 PDG=757b046b3010 P4g=757b04692010 PUD=757b04671010 PMD=757b04650010
libfree:194
print_pgtbl:
 PDG=757b046b3010 P4g=757b04692010 PUD=757b04671010 PMD=757b04650010
Time slot  11
liballoc:170
print_pgtbl:
 PDG=757b046b3010 P4g=757b04692010 PUD=757b04671010 PMD=757b04650010
Time slot  12
libwrite:387
print_pgtbl:
 PDG=757b046b3010 P4g=757b04692010 PUD=757b04671010 PMD=757b04650010
Time slot  13
	CPU 0: Put process  3 to run queue
	CPU 0: Dispatched process  1
libread:333
Time slot  14
libwrite:387
print_pgtbl:
 PDG=757b15abc010 P4g=757b15a9b010 PUD=757b15a7a010 PMD=757b15a59010
	CPU 1: Put process  4 to run queue
	CPU 1: Dispatched process  3
Time slot  15
libread:333
Time slot  16
libwrite:387
print_pgtbl:
 PDG=757b15abc010 P4g=757b15a9b010 PUD=757b15a7a010 PMD=757b15a59010
Time slot  17
libread:333
	CPU 1: Processed  3 has finished
	CPU 1: Dispatched process  4
libread:333
Time slot  18
libwrite:387
print_pgtbl:
 PDG=757b046b3010 P4g=757b04692010 PUD=757b04671010 PMD=757b04650010
Time slot  19
	CPU 0: Put process  1 to run queue
	CPU 0: Dispatched process  1
libfree:194
print_pgtbl:
 PDG=757b15abc010 P4g=757b15a9b010 PUD=757b15a7a010 PMD=757b15a59010
Time slot  20
libread:333
Time slot  21
	CPU 0: Processed  1 has finished
	CPU 0: Dispatched process  2
libwrite:387
print_pgtbl:
 PDG=757b046b3010 P4g=757b04692010 PUD=757b04671010 PMD=757b04650010
libread:333
Time slot  22
Time slot  23
	CPU 1: Put process  4 to run queue
	CPU 1: Dispatched process  4
libfree:194
print_pgtbl:
 PDG=757b046b3010 P4g=757b04692010 PUD=757b04671010 PMD=757b04650010
Time slot  24
Time slot  25
	CPU 0: Processed  2 has finished
	CPU 0 stopped
Time slot  26
	CPU 1: Processed  4 has finished
	CPU 1 stopped
