Time slot   0
ld_routine
	Loaded a process at input/proc/t2, PID: 1 PRIO: 1
Time slot   1
	CPU 0: Dispatched process  1
liballoc:170
print_pgtbl:
 PDG=78fa85837010 P4g=78fa85816010 PUD=78fa845dd010 PMD=78fa845bc010
Time slot   2
	CPU 0: Put process  1 to run queue
	CPU 0: Dispatched process  1
liballoc:170
print_pgtbl:
 PDG=78fa85837010 P4g=78fa85816010 PUD=78fa845dd010 PMD=78fa845bc010
Time slot   3
	CPU 0: Put process  1 to run queue
	CPU 0: Dispatched process  1
liballoc:170
print_pgtbl:
 PDG=78fa85837010 P4g=78fa85816010 PUD=78fa845dd010 PMD=78fa845bc010
Time slot   4
	CPU 0: Put process  1 to run queue
	CPU 0: Dispatched process  1
liballoc:170
print_pgtbl:
 PDG=78fa85837010 P4g=78fa85816010 PUD=78fa845dd010 PMD=78fa845bc010
Time slot   5
	CPU 0: Put process  1 to run queue
	CPU 0: Dispatched process  1
liballoc:170
print_pgtbl:
 PDG=78fa85837010 P4g=78fa85816010 PUD=78fa845dd010 PMD=78fa845bc010
Time slot   6
	CPU 0: Put process  1 to run queue
	CPU 0: Dispatched process  1
liballoc:170
print_pgtbl:
 PDG=78fa85837010 P4g=78fa85816010 PUD=78fa845dd010 PMD=78fa845bc010
Time slot   7
	CPU 0: Processed  1 has finished
	CPU 0 stopped
