Time slot   0
ld_routine
	Loaded a process at input/proc/t7, PID: 1 PRIO: 1
Time slot   1
	CPU 0: Dispatched process  1
Time slot   2
	CPU 0: Put process  1 to run queue
	CPU 0: Dispatched process  1
liballoc:170
print_pgtbl:
 PDG=7cfa60311010 P4g=7cfa602f0010 PUD=7cfa602cf010 PMD=7cfa602ae010
Time slot   3
	CPU 0: Put process  1 to run queue
	CPU 0: Dispatched process  1
liballoc:170
print_pgtbl:
 PDG=7cfa60311010 P4g=7cfa602f0010 PUD=7cfa602cf010 PMD=7cfa602ae010
Time slot   4
	CPU 0: Put process  1 to run queue
	CPU 0: Dispatched process  1
Time slot   5
	CPU 0: Processed  1 has finished
	CPU 0 stopped
