Time slot   0
ld_routine
	Loaded a process at input/proc/t1, PID: 1 PRIO: 1
Time slot   1
	CPU 0: Dispatched process  1
liballoc:170
print_pgtbl:
 PDG=7111f1060010 P4g=7111f103f010 PUD=7111f101e010 PMD=7111f05de010
Time slot   2
	CPU 0: Put process  1 to run queue
	CPU 0: Dispatched process  1
liballoc:170
print_pgtbl:
 PDG=7111f1060010 P4g=7111f103f010 PUD=7111f101e010 PMD=7111f05de010
Time slot   3
	CPU 0: Put process  1 to run queue
	CPU 0: Dispatched process  1
liballoc:170
print_pgtbl:
 PDG=7111f1060010 P4g=7111f103f010 PUD=7111f101e010 PMD=7111f05de010
Time slot   4
	CPU 0: Put process  1 to run queue
	CPU 0: Dispatched process  1
liballoc:170
print_pgtbl:
 PDG=7111f1060010 P4g=7111f103f010 PUD=7111f101e010 PMD=7111f05de010
Time slot   5
	CPU 0: Put process  1 to run queue
	CPU 0: Dispatched process  1
liballoc:170
print_pgtbl:
 PDG=7111f1060010 P4g=7111f103f010 PUD=7111f101e010 PMD=7111f05de010
Time slot   6
	CPU 0: Put process  1 to run queue
	CPU 0: Dispatched process  1
liballoc:170
print_pgtbl:
 PDG=7111f1060010 P4g=7111f103f010 PUD=7111f101e010 PMD=7111f05de010
Time slot   7
	CPU 0: Put process  1 to run queue
	CPU 0: Dispatched process  1
liballoc:170
print_pgtbl:
 PDG=7111f1060010 P4g=7111f103f010 PUD=7111f101e010 PMD=7111f05de010
Time slot   8
	CPU 0: Processed  1 has finished
	CPU 0 stopped
