Time slot   0
ld_routine
	Loaded a process at input/proc/t5, PID: 1 PRIO: 1
Time slot   1
	CPU 0: Dispatched process  1
liballoc:170
print_pgtbl:
 PDG=78eb45fb1010 P4g=78eb45f90010 PUD=78eb45f6f010 PMD=78eb45f4e010
Time slot   2
	CPU 0: Put process  1 to run queue
	CPU 0: Dispatched process  1
liballoc:170
print_pgtbl:
 PDG=78eb45fb1010 P4g=78eb45f90010 PUD=78eb45f6f010 PMD=78eb45f4e010
Time slot   3
	CPU 0: Put process  1 to run queue
	CPU 0: Dispatched process  1
liballoc:170
print_pgtbl:
 PDG=78eb45fb1010 P4g=78eb45f90010 PUD=78eb45f6f010 PMD=78eb45f4e010
Time slot   4
	CPU 0: Put process  1 to run queue
	CPU 0: Dispatched process  1
liballoc:170
print_pgtbl:
 PDG=78eb45fb1010 P4g=78eb45f90010 PUD=78eb45f6f010 PMD=78eb45f4e010
Time slot   5
	CPU 0: Put process  1 to run queue
	CPU 0: Dispatched process  1
libwrite:387
print_pgtbl:
 PDG=78eb45fb1010 P4g=78eb45f90010 PUD=78eb45f6f010 PMD=78eb45f4e010
Time slot   6
	CPU 0: Put process  1 to run queue
	CPU 0: Dispatched process  1
libwrite:387
print_pgtbl:
 PDG=78eb45fb1010 P4g=78eb45f90010 PUD=78eb45f6f010 PMD=78eb45f4e010
Time slot   7
	CPU 0: Put process  1 to run queue
	CPU 0: Dispatched process  1
libwrite:387
print_pgtbl:
 PDG=78eb45fb1010 P4g=78eb45f90010 PUD=78eb45f6f010 PMD=78eb45f4e010
Time slot   8
	CPU 0: Put process  1 to run queue
	CPU 0: Dispatched process  1
libwrite:387
print_pgtbl:
 PDG=78eb45fb1010 P4g=78eb45f90010 PUD=78eb45f6f010 PMD=78eb45f4e010
Time slot   9
	CPU 0: Put process  1 to run queue
	CPU 0: Dispatched process  1
liballoc:170
print_pgtbl:
 PDG=78eb45fb1010 P4g=78eb45f90010 PUD=78eb45f6f010 PMD=78eb45f4e010
Time slot  10
	CPU 0: Put process  1 to run queue
	CPU 0: Dispatched process  1
liballoc:170
print_pgtbl:
 PDG=78eb45fb1010 P4g=78eb45f90010 PUD=78eb45f6f010 PMD=78eb45f4e010
Time slot  11
	CPU 0: Put process  1 to run queue
	CPU 0: Dispatched process  1
libwrite:387
print_pgtbl:
 PDG=78eb45fb1010 P4g=78eb45f90010 PUD=78eb45f6f010 PMD=78eb45f4e010
Time slot  12
	CPU 0: Put process  1 to run queue
	CPU 0: Dispatched process  1
libwrite:387
print_pgtbl:
 PDG=78eb45fb1010 P4g=78eb45f90010 PUD=78eb45f6f010 PMD=78eb45f4e010
Time slot  13
	CPU 0: Put process  1 to run queue
	CPU 0: Dispatched process  1
libread:333
Time slot  14
	CPU 0: Put process  1 to run queue
	CPU 0: Dispatched process  1
libread:333
Time slot  15
	CPU 0: Put process  1 to run queue
	CPU 0: Dispatched process  1
libread:333
Time slot  16
	CPU 0: Put process  1 to run queue
	CPU 0: Dispatched process  1
libread:333
Time slot  17
	CPU 0: Put process  1 to run queue
	CPU 0: Dispatched process  1
libread:333
Time slot  18
	CPU 0: Put process  1 to run queue
	CPU 0: Dispatched process  1
libread:333
Time slot  19
	CPU 0: Processed  1 has finished
	CPU 0 stopped
