Time slot   0
ld_routine
	Loaded a process at input/proc/t4, PID: 1 PRIO: 1
Time slot   1
	CPU 0: Dispatched process  1
liballoc:170
print_pgtbl:
 PDG=7f7edfbe3010 P4g=7f7edfbc2010 PUD=7f7edfba1010 PMD=7f7edfb80010
Time slot   2
	CPU 0: Put process  1 to run queue
	CPU 0: Dispatched process  1
liballoc:170
print_pgtbl:
 PDG=7f7edfbe3010 P4g=7f7edfbc2010 PUD=7f7edfba1010 PMD=7f7edfb80010
Time slot   3
	CPU 0: Put process  1 to run queue
	CPU 0: Dispatched process  1
liballoc:170
print_pgtbl:
 PDG=7f7edfbe3010 P4g=7f7edfbc2010 PUD=7f7edfba1010 PMD=7f7edfb80010
Time slot   4
	CPU 0: Put process  1 to run queue
	CPU 0: Dispatched process  1
liballoc:170
print_pgtbl:
 PDG=7f7edfbe3010 P4g=7f7edfbc2010 PUD=7f7edfba1010 PMD=7f7edfb80010
Time slot   5
	CPU 0: Put process  1 to run queue
	CPU 0: Dispatched process  1
libwrite:387
print_pgtbl:
 PDG=7f7edfbe3010 P4g=7f7edfbc2010 PUD=7f7edfba1010 PMD=7f7edfb80010
Time slot   6
	CPU 0: Put process  1 to run queue
	CPU 0: Dispatched process  1
libwrite:387
print_pgtbl:
 PDG=7f7edfbe3010 P4g=7f7edfbc2010 PUD=7f7edfba1010 PMD=7f7edfb80010
Time slot   7
	CPU 0: Put process  1 to run queue
	CPU 0: Dispatched process  1
libwrite:387
print_pgtbl:
 PDG=7f7edfbe3010 P4g=7f7edfbc2010 PUD=7f7edfba1010 PMD=7f7edfb80010
Time slot   8
	CPU 0: Put process  1 to run queue
	CPU 0: Dispatched process  1
libwrite:387
print_pgtbl:
 PDG=7f7edfbe3010 P4g=7f7edfbc2010 PUD=7f7edfba1010 PMD=7f7edfb80010
Time slot   9
	CPU 0: Put process  1 to run queue
	CPU 0: Dispatched process  1
liballoc:170
print_pgtbl:
 PDG=7f7edfbe3010 P4g=7f7edfbc2010 PUD=7f7edfba1010 PMD=7f7edfb80010
Time slot  10
	CPU 0: Put process  1 to run queue
	CPU 0: Dispatched process  1
libwrite:387
print_pgtbl:
 PDG=7f7edfbe3010 P4g=7f7edfbc2010 PUD=7f7edfba1010 PMD=7f7edfb80010
Time slot  11
	CPU 0: Put process  1 to run queue
	CPU 0: Dispatched process  1
libread:333
Time slot  12
	CPU 0: Put process  1 to run queue
	CPU 0: Dispatched process  1
libwrite:387
print_pgtbl:
 PDG=7f7edfbe3010 P4g=7f7edfbc2010 PUD=7f7edfba1010 PMD=7f7edfb80010
Time slot  13
	CPU 0: Put process  1 to run queue
	CPU 0: Dispatched process  1
libread:333
Time slot  14
	CPU 0: Put process  1 to run queue
	CPU 0: Dispatched process  1
libwrite:387
print_pgtbl:
 PDG=7f7edfbe3010 P4g=7f7edfbc2010 PUD=7f7edfba1010 PMD=7f7edfb80010
Time slot  15
	CPU 0: Put process  1 to run queue
	CPU 0: Dispatched process  1
libread:333
Time slot  16
	CPU 0: Processed  1 has finished
	CPU 0 stopped
