Time slot   0
ld_routine
	Loaded a process at input/proc/p0s, PID: 1 PRIO: 0
Time slot   1
	CPU 1: Dispatched process  1
	Loaded a process at input/proc/p1s, PID: 2 PRIO: 15
Time slot   2
	CPU 0: Dispatched process  2
liballoc:186
print_pgtbl:
 PDG=135259861579712 P4g=135259928660896 PUD=135259928661168 PMD=135259928661440
Time slot   3
	Loaded a process at input/proc/p1s, PID: 3 PRIO: 0
liballoc:186
print_pgtbl:
 PDG=135259861583392 P4g=135259928662096 PUD=135259928662368 PMD=135259928662640
Time slot   4
liballoc:186
print_pgtbl:
 PDG=135259861583392 P4g=135259928662096 PUD=135259928662368 PMD=135259928662640
Time slot   5
	Loaded a process at input/proc/p0s, PID: 4 PRIO: 0
libwrite:407
Time slot   6
print_pgtbl:
 PDG=135259861587232
	CPU 1: Put process  1 to run queue
	CPU 1: Dispatched process  3
Time slot   7
Time slot   8
	CPU 0: Put process  2 to run queue
	CPU 0: Dispatched process  4
Time slot   9
liballoc:186
print_pgtbl:
 PDG=135259861587232 P4g=135259727334304 PUD=135259727334576 PMD=135259727334848
Time slot  10
liballoc:186
print_pgtbl:
 PDG=135259861587232 P4g=135259727334304 PUD=135259727334576 PMD=135259727334848
Time slot  11
libfree:209
print_pgtbl:
 PDG=135259861587232 P4g=135259727334304 PUD=135259727334576 PMD=135259727334848
Time slot  12
liballoc:186
print_pgtbl:
 PDG=135259861587232 P4g=135259727334304 PUD=135259727334576 PMD=135259727334848
	CPU 1: Put process  3 to run queue
	CPU 1: Dispatched process  1
Time slot  13
libread:359
print_pgtbl:
 PDG=135259861587232 P4g=135259727334304 PUD=135259727334576 PMD=135259727334848
libwrite:407
print_pgtbl:
 PDG=135259861587232 P4g=135259727334304 PUD=135259727334576 PMD=135259727334848
libwrite:407
print_pgtbl:
 PDG=135259861587232 P4g=135259727334304 PUD=135259727334576 PMD=135259727334848
Time slot  14
	CPU 0: Put process  4 to run queue
	CPU 0: Dispatched process  3
libread:359
print_pgtbl:
 PDG=135259861587232 P4g=135259727334304 PUD=135259727334576 PMD=135259727334848
Time slot  15
libwrite:407
print_pgtbl:
 PDG=135259861587232 P4g=135259727334304 PUD=135259727334576 PMD=135259727334848
Time slot  16
libread:359
print_pgtbl:
 PDG=135259861587232 P4g=135259727334304 PUD=135259727334576 PMD=135259727334848
Time slot  17
Time slot  18
	CPU 0: Processed  3 has finished
	CPU 0: Dispatched process  4
libread:359
print_pgtbl:
 PDG=135259861587232 P4g=135259727334304 PUD=135259727334576 PMD=135259727334848
	CPU 1: Put process  1 to run queue
	CPU 1: Dispatched process  1
libfree:209
print_pgtbl:
 PDG=135259861587232 P4g=135259727334304 PUD=135259727334576 PMD=135259727334848
Time slot  19
libwrite:407
print_pgtbl:
 PDG=135259861587232 P4g=135259727334304 PUD=135259727334576 PMD=135259727334848
Time slot  20
libread:359
print_pgtbl:
 PDG=135259861587232 P4g=135259727334304 PUD=135259727334576 PMD=135259727334848
	CPU 1: Processed  1 has finished
	CPU 1: Dispatched process  2
Time slot  21
libwrite:407
print_pgtbl:
 PDG=135259861587232 P4g=135259727334304 PUD=135259727334576 PMD=135259727334848
Time slot  22
libread:359
print_pgtbl:
 PDG=135259861587232 P4g=135259727334304 PUD=135259727334576 PMD=135259727334848
Time slot  23
Time slot  24
	CPU 0: Put process  4 to run queue
	CPU 0: Dispatched process  4
	CPU 1: Processed  2 has finished
	CPU 1 stopped
Time slot  25
Time slot  26
	CPU 0: Processed  4 has finished
	CPU 0 stopped
