Time slot   0
	Loaded a process at input/proc/s0, PID: 1 PRIO: 0
Time slot   1
	CPU 0: Dispatched process  1
	Loaded a process at input/proc/s1, PID: 2 PRIO: 0
Time slot   2
Time slot   3
	CPU 0: Put process  1 to run queue (2/10)
	CPU 0: Dispatched process  2
Time slot   4
Time slot   5
	CPU 0: Put process  2 to run queue (2/5)
	CPU 0: Dispatched process  1
Time slot   6
Time slot   7
	CPU 0: Put process  1 to run queue (4/10)
	CPU 0: Dispatched process  2
Time slot   8
Time slot   9
	CPU 0: Put process  2 to run queue (4/5)
	CPU 0: Dispatched process  1
Time slot  10
Time slot  11
	CPU 0: Put process  1 to run queue (6/10)
	CPU 0: Dispatched process  2
Time slot  12
	CPU 0: Processed  2 has finished (5/5)
	CPU 0: Dispatched process  1
Time slot  13
Time slot  14
	CPU 0: Put process  1 to run queue (8/10)
	CPU 0: Dispatched process  1
Time slot  15
Time slot  16
	CPU 0: Processed  1 has finished (10/10)
	CPU 0 stopped
